[2024-03-25 00:11:46,065] INFO [GroupCoordinator 0]: Dynamic member with unknown member id joins group myGroup in Empty state. Created a new member id consumer-myGroup-2-12e67bb9-5111-4571-b759-e315d84b9155 and request the member to rejoin with this id. (kafka.coordinator.group.GroupCoordinator)
[2024-03-25 00:11:46,067] INFO [GroupCoordinator 0]: Dynamic member with unknown member id joins group myGroup in Empty state. Created a new member id consumer-myGroup-1-5c62c834-5344-432a-942b-a08ad8e114fb and request the member to rejoin with this id. (kafka.coordinator.group.GroupCoordinator)
[2024-03-25 00:11:46,069] INFO [GroupCoordinator 0]: Preparing to rebalance group myGroup in state PreparingRebalance with old generation 53 (__consumer_offsets-17) (reason: Adding new member consumer-myGroup-1-5c62c834-5344-432a-942b-a08ad8e114fb with group instance id None; client reason: rebalance failed due to MemberIdRequiredException) (kafka.coordinator.group.GroupCoordinator)
[2024-03-25 00:11:46,069] INFO [GroupCoordinator 0]: Stabilized group myGroup generation 54 (__consumer_offsets-17) with 2 members (kafka.coordinator.group.GroupCoordinator)
[2024-03-25 00:11:46,076] INFO [GroupCoordinator 0]: Assignment received from leader consumer-myGroup-1-5c62c834-5344-432a-942b-a08ad8e114fb for group myGroup for generation 54. The group has 2 members, 0 of which are static. (kafka.coordinator.group.GroupCoordinator)
[2024-03-25 00:12:44,203] INFO [GroupCoordinator 0]: Preparing to rebalance group myGroup in state PreparingRebalance with old generation 54 (__consumer_offsets-17) (reason: Removing member consumer-myGroup-2-12e67bb9-5111-4571-b759-e315d84b9155 on LeaveGroup; client reason: the consumer unsubscribed from all topics) (kafka.coordinator.group.GroupCoordinator)
[2024-03-25 00:12:44,204] INFO [GroupCoordinator 0]: Member MemberMetadata(memberId=consumer-myGroup-2-12e67bb9-5111-4571-b759-e315d84b9155, groupInstanceId=None, clientId=consumer-myGroup-2, clientHost=/192.168.1.2, sessionTimeoutMs=45000, rebalanceTimeoutMs=300000, supportedProtocols=List(range, cooperative-sticky)) has left group myGroup through explicit `LeaveGroup`; client reason: the consumer unsubscribed from all topics (kafka.coordinator.group.GroupCoordinator)
[2024-03-25 00:12:44,204] INFO [GroupCoordinator 0]: Group myGroup with generation 55 is now empty (__consumer_offsets-17) (kafka.coordinator.group.GroupCoordinator)
[2024-03-25 00:12:44,204] INFO [GroupCoordinator 0]: Member MemberMetadata(memberId=consumer-myGroup-1-5c62c834-5344-432a-942b-a08ad8e114fb, groupInstanceId=None, clientId=consumer-myGroup-1, clientHost=/192.168.1.2, sessionTimeoutMs=45000, rebalanceTimeoutMs=300000, supportedProtocols=List(range, cooperative-sticky)) has left group myGroup through explicit `LeaveGroup`; client reason: the consumer unsubscribed from all topics (kafka.coordinator.group.GroupCoordinator)
[2024-03-25 00:28:05,409] INFO [GroupCoordinator 0]: Dynamic member with unknown member id joins group myGroup in Empty state. Created a new member id consumer-myGroup-2-1a0cc17b-05ef-405c-bd42-aa600a819aea and request the member to rejoin with this id. (kafka.coordinator.group.GroupCoordinator)
[2024-03-25 00:28:05,411] INFO [GroupCoordinator 0]: Dynamic member with unknown member id joins group myGroup in Empty state. Created a new member id consumer-myGroup-1-6ce0ecab-30d6-4349-9919-94383cd83c41 and request the member to rejoin with this id. (kafka.coordinator.group.GroupCoordinator)
[2024-03-25 00:28:05,413] INFO [GroupCoordinator 0]: Preparing to rebalance group myGroup in state PreparingRebalance with old generation 55 (__consumer_offsets-17) (reason: Adding new member consumer-myGroup-1-6ce0ecab-30d6-4349-9919-94383cd83c41 with group instance id None; client reason: rebalance failed due to MemberIdRequiredException) (kafka.coordinator.group.GroupCoordinator)
[2024-03-25 00:28:05,414] INFO [GroupCoordinator 0]: Stabilized group myGroup generation 56 (__consumer_offsets-17) with 1 members (kafka.coordinator.group.GroupCoordinator)
[2024-03-25 00:28:05,422] INFO [GroupCoordinator 0]: Preparing to rebalance group myGroup in state PreparingRebalance with old generation 56 (__consumer_offsets-17) (reason: Adding new member consumer-myGroup-2-1a0cc17b-05ef-405c-bd42-aa600a819aea with group instance id None; client reason: rebalance failed due to MemberIdRequiredException) (kafka.coordinator.group.GroupCoordinator)
[2024-03-25 00:28:05,430] INFO [GroupCoordinator 0]: Stabilized group myGroup generation 57 (__consumer_offsets-17) with 2 members (kafka.coordinator.group.GroupCoordinator)
[2024-03-25 00:28:05,433] INFO [GroupCoordinator 0]: Assignment received from leader consumer-myGroup-1-6ce0ecab-30d6-4349-9919-94383cd83c41 for group myGroup for generation 57. The group has 2 members, 0 of which are static. (kafka.coordinator.group.GroupCoordinator)
[2024-03-25 00:36:12,059] INFO [GroupCoordinator 0]: Preparing to rebalance group myGroup in state PreparingRebalance with old generation 57 (__consumer_offsets-17) (reason: Removing member consumer-myGroup-2-1a0cc17b-05ef-405c-bd42-aa600a819aea on LeaveGroup; client reason: the consumer unsubscribed from all topics) (kafka.coordinator.group.GroupCoordinator)
[2024-03-25 00:36:12,060] INFO [GroupCoordinator 0]: Member MemberMetadata(memberId=consumer-myGroup-2-1a0cc17b-05ef-405c-bd42-aa600a819aea, groupInstanceId=None, clientId=consumer-myGroup-2, clientHost=/192.168.1.2, sessionTimeoutMs=45000, rebalanceTimeoutMs=300000, supportedProtocols=List(range, cooperative-sticky)) has left group myGroup through explicit `LeaveGroup`; client reason: the consumer unsubscribed from all topics (kafka.coordinator.group.GroupCoordinator)
[2024-03-25 00:36:12,060] INFO [GroupCoordinator 0]: Group myGroup with generation 58 is now empty (__consumer_offsets-17) (kafka.coordinator.group.GroupCoordinator)
[2024-03-25 00:36:12,061] INFO [GroupCoordinator 0]: Member MemberMetadata(memberId=consumer-myGroup-1-6ce0ecab-30d6-4349-9919-94383cd83c41, groupInstanceId=None, clientId=consumer-myGroup-1, clientHost=/192.168.1.2, sessionTimeoutMs=45000, rebalanceTimeoutMs=300000, supportedProtocols=List(range, cooperative-sticky)) has left group myGroup through explicit `LeaveGroup`; client reason: the consumer unsubscribed from all topics (kafka.coordinator.group.GroupCoordinator)
[2024-03-25 00:36:16,586] INFO [GroupCoordinator 0]: Dynamic member with unknown member id joins group myGroup in Empty state. Created a new member id consumer-myGroup-2-4bd1cac2-ea93-479f-8efe-ea5489c041fe and request the member to rejoin with this id. (kafka.coordinator.group.GroupCoordinator)
[2024-03-25 00:36:16,587] INFO [GroupCoordinator 0]: Dynamic member with unknown member id joins group myGroup in Empty state. Created a new member id consumer-myGroup-1-235a5f35-3bb8-4c6c-a8df-a67554c28731 and request the member to rejoin with this id. (kafka.coordinator.group.GroupCoordinator)
[2024-03-25 00:36:16,589] INFO [GroupCoordinator 0]: Preparing to rebalance group myGroup in state PreparingRebalance with old generation 58 (__consumer_offsets-17) (reason: Adding new member consumer-myGroup-1-235a5f35-3bb8-4c6c-a8df-a67554c28731 with group instance id None; client reason: rebalance failed due to MemberIdRequiredException) (kafka.coordinator.group.GroupCoordinator)
[2024-03-25 00:36:16,589] INFO [GroupCoordinator 0]: Stabilized group myGroup generation 59 (__consumer_offsets-17) with 2 members (kafka.coordinator.group.GroupCoordinator)
[2024-03-25 00:36:16,595] INFO [GroupCoordinator 0]: Assignment received from leader consumer-myGroup-1-235a5f35-3bb8-4c6c-a8df-a67554c28731 for group myGroup for generation 59. The group has 2 members, 0 of which are static. (kafka.coordinator.group.GroupCoordinator)
[2024-03-25 00:38:50,792] INFO [GroupCoordinator 0]: Preparing to rebalance group myGroup in state PreparingRebalance with old generation 59 (__consumer_offsets-17) (reason: Removing member consumer-myGroup-1-235a5f35-3bb8-4c6c-a8df-a67554c28731 on LeaveGroup; client reason: the consumer unsubscribed from all topics) (kafka.coordinator.group.GroupCoordinator)
[2024-03-25 00:38:50,793] INFO [GroupCoordinator 0]: Member MemberMetadata(memberId=consumer-myGroup-1-235a5f35-3bb8-4c6c-a8df-a67554c28731, groupInstanceId=None, clientId=consumer-myGroup-1, clientHost=/192.168.1.2, sessionTimeoutMs=45000, rebalanceTimeoutMs=300000, supportedProtocols=List(range, cooperative-sticky)) has left group myGroup through explicit `LeaveGroup`; client reason: the consumer unsubscribed from all topics (kafka.coordinator.group.GroupCoordinator)
[2024-03-25 00:38:50,793] INFO [GroupCoordinator 0]: Group myGroup with generation 60 is now empty (__consumer_offsets-17) (kafka.coordinator.group.GroupCoordinator)
[2024-03-25 00:38:50,795] INFO [GroupCoordinator 0]: Member MemberMetadata(memberId=consumer-myGroup-2-4bd1cac2-ea93-479f-8efe-ea5489c041fe, groupInstanceId=None, clientId=consumer-myGroup-2, clientHost=/192.168.1.2, sessionTimeoutMs=45000, rebalanceTimeoutMs=300000, supportedProtocols=List(range, cooperative-sticky)) has left group myGroup through explicit `LeaveGroup`; client reason: the consumer unsubscribed from all topics (kafka.coordinator.group.GroupCoordinator)
[2024-03-25 00:43:53,303] INFO [GroupCoordinator 0]: Dynamic member with unknown member id joins group myGroup in Empty state. Created a new member id consumer-myGroup-2-9eb13228-2f3a-4365-a489-d139c2f0e9ad and request the member to rejoin with this id. (kafka.coordinator.group.GroupCoordinator)
[2024-03-25 00:43:53,304] INFO [GroupCoordinator 0]: Dynamic member with unknown member id joins group myGroup in Empty state. Created a new member id consumer-myGroup-1-36045237-7e13-4911-8a6a-0da1acec5a77 and request the member to rejoin with this id. (kafka.coordinator.group.GroupCoordinator)
[2024-03-25 00:43:53,306] INFO [GroupCoordinator 0]: Preparing to rebalance group myGroup in state PreparingRebalance with old generation 60 (__consumer_offsets-17) (reason: Adding new member consumer-myGroup-2-9eb13228-2f3a-4365-a489-d139c2f0e9ad with group instance id None; client reason: rebalance failed due to MemberIdRequiredException) (kafka.coordinator.group.GroupCoordinator)
[2024-03-25 00:43:53,307] INFO [GroupCoordinator 0]: Stabilized group myGroup generation 61 (__consumer_offsets-17) with 2 members (kafka.coordinator.group.GroupCoordinator)
[2024-03-25 00:43:53,352] INFO [GroupCoordinator 0]: Assignment received from leader consumer-myGroup-2-9eb13228-2f3a-4365-a489-d139c2f0e9ad for group myGroup for generation 61. The group has 2 members, 0 of which are static. (kafka.coordinator.group.GroupCoordinator)
[2024-03-25 00:44:19,017] INFO [GroupCoordinator 0]: Preparing to rebalance group myGroup in state PreparingRebalance with old generation 61 (__consumer_offsets-17) (reason: Removing member consumer-myGroup-2-9eb13228-2f3a-4365-a489-d139c2f0e9ad on LeaveGroup; client reason: the consumer unsubscribed from all topics) (kafka.coordinator.group.GroupCoordinator)
[2024-03-25 00:44:19,017] INFO [GroupCoordinator 0]: Member MemberMetadata(memberId=consumer-myGroup-2-9eb13228-2f3a-4365-a489-d139c2f0e9ad, groupInstanceId=None, clientId=consumer-myGroup-2, clientHost=/192.168.1.2, sessionTimeoutMs=45000, rebalanceTimeoutMs=300000, supportedProtocols=List(range, cooperative-sticky)) has left group myGroup through explicit `LeaveGroup`; client reason: the consumer unsubscribed from all topics (kafka.coordinator.group.GroupCoordinator)
[2024-03-25 00:44:19,017] INFO [GroupCoordinator 0]: Group myGroup with generation 62 is now empty (__consumer_offsets-17) (kafka.coordinator.group.GroupCoordinator)
[2024-03-25 00:44:19,019] INFO [GroupCoordinator 0]: Member MemberMetadata(memberId=consumer-myGroup-1-36045237-7e13-4911-8a6a-0da1acec5a77, groupInstanceId=None, clientId=consumer-myGroup-1, clientHost=/192.168.1.2, sessionTimeoutMs=45000, rebalanceTimeoutMs=300000, supportedProtocols=List(range, cooperative-sticky)) has left group myGroup through explicit `LeaveGroup`; client reason: the consumer unsubscribed from all topics (kafka.coordinator.group.GroupCoordinator)
[2024-03-25 00:48:10,863] WARN Session 0x10000ad9f760000 for server localhost/[0:0:0:0:0:0:0:1]:2181, Closing socket connection. Attempting reconnect except it is a SessionExpiredException. (org.apache.zookeeper.ClientCnxn)
EndOfStreamException: Unable to read additional data from server sessionid 0x10000ad9f760000, likely server has closed socket
	at org.apache.zookeeper.ClientCnxnSocketNIO.doIO(ClientCnxnSocketNIO.java:77)
	at org.apache.zookeeper.ClientCnxnSocketNIO.doTransport(ClientCnxnSocketNIO.java:350)
	at org.apache.zookeeper.ClientCnxn$SendThread.run(ClientCnxn.java:1289)
[2024-03-25 00:48:12,972] INFO Opening socket connection to server localhost/[0:0:0:0:0:0:0:1]:2181. (org.apache.zookeeper.ClientCnxn)
[2024-03-25 00:48:12,974] WARN Session 0x10000ad9f760000 for server localhost/[0:0:0:0:0:0:0:1]:2181, Closing socket connection. Attempting reconnect except it is a SessionExpiredException. (org.apache.zookeeper.ClientCnxn)
java.net.ConnectException: Connection refused
	at java.base/sun.nio.ch.Net.pollConnect(Native Method)
	at java.base/sun.nio.ch.Net.pollConnectNow(Net.java:672)
	at java.base/sun.nio.ch.SocketChannelImpl.finishConnect(SocketChannelImpl.java:946)
	at org.apache.zookeeper.ClientCnxnSocketNIO.doTransport(ClientCnxnSocketNIO.java:344)
	at org.apache.zookeeper.ClientCnxn$SendThread.run(ClientCnxn.java:1289)
[2024-03-25 00:48:14,291] INFO Terminating process due to signal SIGINT (org.apache.kafka.common.utils.LoggingSignalHandler)
[2024-03-25 00:48:14,294] INFO [KafkaServer id=0] shutting down (kafka.server.KafkaServer)
[2024-03-25 00:48:14,298] INFO [KafkaServer id=0] Starting controlled shutdown (kafka.server.KafkaServer)
[2024-03-25 00:48:14,317] INFO [KafkaServer id=0] Controlled shutdown request returned successfully after 11ms (kafka.server.KafkaServer)
[2024-03-25 00:48:14,321] INFO [/config/changes-event-process-thread]: Shutting down (kafka.common.ZkNodeChangeNotificationListener$ChangeEventProcessThread)
[2024-03-25 00:48:14,321] INFO [/config/changes-event-process-thread]: Stopped (kafka.common.ZkNodeChangeNotificationListener$ChangeEventProcessThread)
[2024-03-25 00:48:14,321] INFO [/config/changes-event-process-thread]: Shutdown completed (kafka.common.ZkNodeChangeNotificationListener$ChangeEventProcessThread)
[2024-03-25 00:48:14,322] INFO [SocketServer listenerType=ZK_BROKER, nodeId=0] Stopping socket server request processors (kafka.network.SocketServer)
[2024-03-25 00:48:14,326] INFO [SocketServer listenerType=ZK_BROKER, nodeId=0] Stopped socket server request processors (kafka.network.SocketServer)
[2024-03-25 00:48:14,326] INFO [data-plane Kafka Request Handler on Broker 0], shutting down (kafka.server.KafkaRequestHandlerPool)
[2024-03-25 00:48:14,327] INFO [data-plane Kafka Request Handler on Broker 0], shut down completely (kafka.server.KafkaRequestHandlerPool)
[2024-03-25 00:48:14,329] INFO [ExpirationReaper-0-AlterAcls]: Shutting down (kafka.server.DelayedOperationPurgatory$ExpiredOperationReaper)
[2024-03-25 00:48:14,329] INFO [ExpirationReaper-0-AlterAcls]: Stopped (kafka.server.DelayedOperationPurgatory$ExpiredOperationReaper)
[2024-03-25 00:48:14,329] INFO [ExpirationReaper-0-AlterAcls]: Shutdown completed (kafka.server.DelayedOperationPurgatory$ExpiredOperationReaper)
[2024-03-25 00:48:14,329] INFO [KafkaApi-0] Shutdown complete. (kafka.server.KafkaApis)
[2024-03-25 00:48:14,330] INFO [ExpirationReaper-0-topic]: Shutting down (kafka.server.DelayedOperationPurgatory$ExpiredOperationReaper)
[2024-03-25 00:48:14,330] INFO [ExpirationReaper-0-topic]: Stopped (kafka.server.DelayedOperationPurgatory$ExpiredOperationReaper)
[2024-03-25 00:48:14,330] INFO [ExpirationReaper-0-topic]: Shutdown completed (kafka.server.DelayedOperationPurgatory$ExpiredOperationReaper)
[2024-03-25 00:48:14,331] INFO [TransactionCoordinator id=0] Shutting down. (kafka.coordinator.transaction.TransactionCoordinator)
[2024-03-25 00:48:14,331] INFO [Transaction State Manager 0]: Shutdown complete (kafka.coordinator.transaction.TransactionStateManager)
[2024-03-25 00:48:14,331] INFO [TxnMarkerSenderThread-0]: Shutting down (kafka.coordinator.transaction.TransactionMarkerChannelManager)
[2024-03-25 00:48:14,332] INFO [TxnMarkerSenderThread-0]: Stopped (kafka.coordinator.transaction.TransactionMarkerChannelManager)
[2024-03-25 00:48:14,332] INFO [TxnMarkerSenderThread-0]: Shutdown completed (kafka.coordinator.transaction.TransactionMarkerChannelManager)
[2024-03-25 00:48:14,332] INFO [TransactionCoordinator id=0] Shutdown complete. (kafka.coordinator.transaction.TransactionCoordinator)
[2024-03-25 00:48:14,332] INFO [GroupCoordinator 0]: Shutting down. (kafka.coordinator.group.GroupCoordinator)
[2024-03-25 00:48:14,333] INFO [ExpirationReaper-0-Heartbeat]: Shutting down (kafka.server.DelayedOperationPurgatory$ExpiredOperationReaper)
[2024-03-25 00:48:14,333] INFO [ExpirationReaper-0-Heartbeat]: Stopped (kafka.server.DelayedOperationPurgatory$ExpiredOperationReaper)
[2024-03-25 00:48:14,333] INFO [ExpirationReaper-0-Heartbeat]: Shutdown completed (kafka.server.DelayedOperationPurgatory$ExpiredOperationReaper)
[2024-03-25 00:48:14,333] INFO [ExpirationReaper-0-Rebalance]: Shutting down (kafka.server.DelayedOperationPurgatory$ExpiredOperationReaper)
[2024-03-25 00:48:14,333] INFO [ExpirationReaper-0-Rebalance]: Stopped (kafka.server.DelayedOperationPurgatory$ExpiredOperationReaper)
[2024-03-25 00:48:14,333] INFO [ExpirationReaper-0-Rebalance]: Shutdown completed (kafka.server.DelayedOperationPurgatory$ExpiredOperationReaper)
[2024-03-25 00:48:14,333] INFO [GroupCoordinator 0]: Shutdown complete. (kafka.coordinator.group.GroupCoordinator)
[2024-03-25 00:48:14,334] INFO [ReplicaManager broker=0] Shutting down (kafka.server.ReplicaManager)
[2024-03-25 00:48:14,334] INFO [LogDirFailureHandler]: Shutting down (kafka.server.ReplicaManager$LogDirFailureHandler)
[2024-03-25 00:48:14,334] INFO [LogDirFailureHandler]: Stopped (kafka.server.ReplicaManager$LogDirFailureHandler)
[2024-03-25 00:48:14,334] INFO [LogDirFailureHandler]: Shutdown completed (kafka.server.ReplicaManager$LogDirFailureHandler)
[2024-03-25 00:48:14,335] INFO [ReplicaFetcherManager on broker 0] shutting down (kafka.server.ReplicaFetcherManager)
[2024-03-25 00:48:14,335] INFO [ReplicaFetcherManager on broker 0] shutdown completed (kafka.server.ReplicaFetcherManager)
[2024-03-25 00:48:14,335] INFO [ReplicaAlterLogDirsManager on broker 0] shutting down (kafka.server.ReplicaAlterLogDirsManager)
[2024-03-25 00:48:14,335] INFO [ReplicaAlterLogDirsManager on broker 0] shutdown completed (kafka.server.ReplicaAlterLogDirsManager)
[2024-03-25 00:48:14,335] INFO [ExpirationReaper-0-Fetch]: Shutting down (kafka.server.DelayedOperationPurgatory$ExpiredOperationReaper)
[2024-03-25 00:48:14,335] INFO [ExpirationReaper-0-Fetch]: Stopped (kafka.server.DelayedOperationPurgatory$ExpiredOperationReaper)
[2024-03-25 00:48:14,335] INFO [ExpirationReaper-0-Fetch]: Shutdown completed (kafka.server.DelayedOperationPurgatory$ExpiredOperationReaper)
[2024-03-25 00:48:14,335] INFO [ExpirationReaper-0-RemoteFetch]: Shutting down (kafka.server.DelayedOperationPurgatory$ExpiredOperationReaper)
[2024-03-25 00:48:14,336] INFO [ExpirationReaper-0-RemoteFetch]: Stopped (kafka.server.DelayedOperationPurgatory$ExpiredOperationReaper)
[2024-03-25 00:48:14,336] INFO [ExpirationReaper-0-RemoteFetch]: Shutdown completed (kafka.server.DelayedOperationPurgatory$ExpiredOperationReaper)
[2024-03-25 00:48:14,336] INFO [ExpirationReaper-0-Produce]: Shutting down (kafka.server.DelayedOperationPurgatory$ExpiredOperationReaper)
[2024-03-25 00:48:14,336] INFO [ExpirationReaper-0-Produce]: Stopped (kafka.server.DelayedOperationPurgatory$ExpiredOperationReaper)
[2024-03-25 00:48:14,336] INFO [ExpirationReaper-0-Produce]: Shutdown completed (kafka.server.DelayedOperationPurgatory$ExpiredOperationReaper)
[2024-03-25 00:48:14,336] INFO [ExpirationReaper-0-DeleteRecords]: Shutting down (kafka.server.DelayedOperationPurgatory$ExpiredOperationReaper)
[2024-03-25 00:48:14,336] INFO [ExpirationReaper-0-DeleteRecords]: Stopped (kafka.server.DelayedOperationPurgatory$ExpiredOperationReaper)
[2024-03-25 00:48:14,336] INFO [ExpirationReaper-0-DeleteRecords]: Shutdown completed (kafka.server.DelayedOperationPurgatory$ExpiredOperationReaper)
[2024-03-25 00:48:14,336] INFO [ExpirationReaper-0-ElectLeader]: Shutting down (kafka.server.DelayedOperationPurgatory$ExpiredOperationReaper)
[2024-03-25 00:48:14,336] INFO [ExpirationReaper-0-ElectLeader]: Stopped (kafka.server.DelayedOperationPurgatory$ExpiredOperationReaper)
[2024-03-25 00:48:14,336] INFO [ExpirationReaper-0-ElectLeader]: Shutdown completed (kafka.server.DelayedOperationPurgatory$ExpiredOperationReaper)
[2024-03-25 00:48:14,343] INFO [AddPartitionsToTxnSenderThread-0]: Shutting down (kafka.server.AddPartitionsToTxnManager)
[2024-03-25 00:48:14,344] INFO [AddPartitionsToTxnSenderThread-0]: Stopped (kafka.server.AddPartitionsToTxnManager)
[2024-03-25 00:48:14,344] INFO [AddPartitionsToTxnSenderThread-0]: Shutdown completed (kafka.server.AddPartitionsToTxnManager)
[2024-03-25 00:48:14,344] INFO [ReplicaManager broker=0] Shut down completely (kafka.server.ReplicaManager)
[2024-03-25 00:48:14,344] INFO [zk-broker-0-to-controller-alter-partition-channel-manager]: Shutting down (kafka.server.NodeToControllerRequestThread)
[2024-03-25 00:48:14,344] INFO [zk-broker-0-to-controller-alter-partition-channel-manager]: Stopped (kafka.server.NodeToControllerRequestThread)
[2024-03-25 00:48:14,344] INFO [zk-broker-0-to-controller-alter-partition-channel-manager]: Shutdown completed (kafka.server.NodeToControllerRequestThread)
[2024-03-25 00:48:14,345] INFO Node to controller channel manager for alter-partition shutdown (kafka.server.NodeToControllerChannelManagerImpl)
[2024-03-25 00:48:14,345] INFO [zk-broker-0-to-controller-forwarding-channel-manager]: Shutting down (kafka.server.NodeToControllerRequestThread)
[2024-03-25 00:48:14,345] INFO [zk-broker-0-to-controller-forwarding-channel-manager]: Stopped (kafka.server.NodeToControllerRequestThread)
[2024-03-25 00:48:14,345] INFO [zk-broker-0-to-controller-forwarding-channel-manager]: Shutdown completed (kafka.server.NodeToControllerRequestThread)
[2024-03-25 00:48:14,345] INFO Node to controller channel manager for forwarding shutdown (kafka.server.NodeToControllerChannelManagerImpl)
[2024-03-25 00:48:14,346] INFO Shutting down. (kafka.log.LogManager)
[2024-03-25 00:48:14,346] INFO [kafka-log-cleaner-thread-0]: Shutting down (kafka.log.LogCleaner$CleanerThread)
[2024-03-25 00:48:14,347] INFO [kafka-log-cleaner-thread-0]: Stopped (kafka.log.LogCleaner$CleanerThread)
[2024-03-25 00:48:14,347] INFO [kafka-log-cleaner-thread-0]: Shutdown completed (kafka.log.LogCleaner$CleanerThread)
[2024-03-25 00:48:14,433] INFO [ProducerStateManager partition=__consumer_offsets-17] Wrote producer snapshot at offset 93 with 0 producer ids in 4 ms. (org.apache.kafka.storage.internals.log.ProducerStateManager)
[2024-03-25 00:48:14,510] INFO [ProducerStateManager partition=javaguides_json-0] Wrote producer snapshot at offset 33 with 26 producer ids in 5 ms. (org.apache.kafka.storage.internals.log.ProducerStateManager)
[2024-03-25 00:48:14,592] INFO Shutdown complete. (kafka.log.LogManager)
[2024-03-25 00:48:14,595] INFO [feature-zk-node-event-process-thread]: Shutting down (kafka.server.FinalizedFeatureChangeListener$ChangeNotificationProcessorThread)
[2024-03-25 00:48:14,595] INFO [feature-zk-node-event-process-thread]: Stopped (kafka.server.FinalizedFeatureChangeListener$ChangeNotificationProcessorThread)
[2024-03-25 00:48:14,595] INFO [feature-zk-node-event-process-thread]: Shutdown completed (kafka.server.FinalizedFeatureChangeListener$ChangeNotificationProcessorThread)
[2024-03-25 00:48:14,596] INFO [ZooKeeperClient Kafka server] Closing. (kafka.zookeeper.ZooKeeperClient)
[2024-03-25 00:48:14,888] INFO Opening socket connection to server localhost/127.0.0.1:2181. (org.apache.zookeeper.ClientCnxn)
[2024-03-25 00:48:14,997] INFO Session: 0x10000ad9f760000 closed (org.apache.zookeeper.ZooKeeper)
[2024-03-25 00:48:14,997] INFO EventThread shut down for session: 0x10000ad9f760000 (org.apache.zookeeper.ClientCnxn)
[2024-03-25 00:48:14,998] INFO [ZooKeeperClient Kafka server] Closed. (kafka.zookeeper.ZooKeeperClient)
[2024-03-25 00:48:14,998] INFO [ThrottledChannelReaper-Fetch]: Shutting down (kafka.server.ClientQuotaManager$ThrottledChannelReaper)
[2024-03-25 00:48:15,001] INFO [ThrottledChannelReaper-Fetch]: Stopped (kafka.server.ClientQuotaManager$ThrottledChannelReaper)
[2024-03-25 00:48:15,001] INFO [ThrottledChannelReaper-Fetch]: Shutdown completed (kafka.server.ClientQuotaManager$ThrottledChannelReaper)
[2024-03-25 00:48:15,002] INFO [ThrottledChannelReaper-Produce]: Shutting down (kafka.server.ClientQuotaManager$ThrottledChannelReaper)
[2024-03-25 00:48:15,002] INFO [ThrottledChannelReaper-Produce]: Stopped (kafka.server.ClientQuotaManager$ThrottledChannelReaper)
[2024-03-25 00:48:15,002] INFO [ThrottledChannelReaper-Produce]: Shutdown completed (kafka.server.ClientQuotaManager$ThrottledChannelReaper)
[2024-03-25 00:48:15,002] INFO [ThrottledChannelReaper-Request]: Shutting down (kafka.server.ClientQuotaManager$ThrottledChannelReaper)
[2024-03-25 00:48:15,002] INFO [ThrottledChannelReaper-Request]: Stopped (kafka.server.ClientQuotaManager$ThrottledChannelReaper)
[2024-03-25 00:48:15,002] INFO [ThrottledChannelReaper-Request]: Shutdown completed (kafka.server.ClientQuotaManager$ThrottledChannelReaper)
[2024-03-25 00:48:15,002] INFO [ThrottledChannelReaper-ControllerMutation]: Shutting down (kafka.server.ClientQuotaManager$ThrottledChannelReaper)
[2024-03-25 00:48:15,002] INFO [ThrottledChannelReaper-ControllerMutation]: Stopped (kafka.server.ClientQuotaManager$ThrottledChannelReaper)
[2024-03-25 00:48:15,002] INFO [ThrottledChannelReaper-ControllerMutation]: Shutdown completed (kafka.server.ClientQuotaManager$ThrottledChannelReaper)
[2024-03-25 00:48:15,003] INFO [SocketServer listenerType=ZK_BROKER, nodeId=0] Shutting down socket server (kafka.network.SocketServer)
[2024-03-25 00:48:15,014] INFO [SocketServer listenerType=ZK_BROKER, nodeId=0] Shutdown completed (kafka.network.SocketServer)
[2024-03-25 00:48:15,015] INFO Metrics scheduler closed (org.apache.kafka.common.metrics.Metrics)
[2024-03-25 00:48:15,015] INFO Closing reporter org.apache.kafka.common.metrics.JmxReporter (org.apache.kafka.common.metrics.Metrics)
[2024-03-25 00:48:15,015] INFO Metrics reporters closed (org.apache.kafka.common.metrics.Metrics)
[2024-03-25 00:48:15,016] INFO Broker and topic stats closed (kafka.server.BrokerTopicStats)
[2024-03-25 00:48:15,016] INFO App info kafka.server for 0 unregistered (org.apache.kafka.common.utils.AppInfoParser)
[2024-03-25 00:48:15,016] INFO [KafkaServer id=0] shut down completed (kafka.server.KafkaServer)
